{
  "/Users/ricky.andika/Ricky/Others/codes/ajaib/src/App.js": {
    "path": "/Users/ricky.andika/Ricky/Others/codes/ajaib/src/App.js",
    "statementMap": {
      "0": { "start": { "line": 4, "column": 2 }, "end": { "line": 4, "column": 31 } }
    },
    "fnMap": {
      "0": {
        "name": "App",
        "decl": { "start": { "line": 3, "column": 9 }, "end": { "line": 3, "column": 12 } },
        "loc": { "start": { "line": 3, "column": 15 }, "end": { "line": 5, "column": 1 } },
        "line": 3
      }
    },
    "branchMap": {},
    "s": { "0": 1 },
    "f": { "0": 1 },
    "b": {},
    "_coverageSchema": "1a1c01bbd47fc00a2c39e90264f33305004495a9",
    "hash": "bc06f1885ced5e47eec597dfbc2ca20e872b2aac"
  }
}
