{"/Users/ricky.andika/Ricky/Others/codes/miraculous/src/assets/svg/SearchIcon.js": {"path":"/Users/ricky.andika/Ricky/Others/codes/miraculous/src/assets/svg/SearchIcon.js","statementMap":{"0":{"start":{"line":5,"column":2},"end":{"line":14,"column":4}},"1":{"start":{"line":17,"column":0},"end":{"line":19,"column":2}},"2":{"start":{"line":21,"column":0},"end":{"line":23,"column":2}}},"fnMap":{"0":{"name":"SearchIcon","decl":{"start":{"line":4,"column":9},"end":{"line":4,"column":19}},"loc":{"start":{"line":4,"column":35},"end":{"line":15,"column":1}},"line":4}},"branchMap":{},"s":{"0":7,"1":1,"2":1},"f":{"0":7},"b":{},"_coverageSchema":"1a1c01bbd47fc00a2c39e90264f33305004495a9","hash":"c2d9c65083f468cf2b7c372a9e507f6376380dba"}
,"/Users/ricky.andika/Ricky/Others/codes/miraculous/src/assets/svg/SortAscIcon.js": {"path":"/Users/ricky.andika/Ricky/Others/codes/miraculous/src/assets/svg/SortAscIcon.js","statementMap":{"0":{"start":{"line":5,"column":2},"end":{"line":17,"column":4}},"1":{"start":{"line":20,"column":0},"end":{"line":22,"column":2}},"2":{"start":{"line":24,"column":0},"end":{"line":26,"column":2}}},"fnMap":{"0":{"name":"SortAscIcon","decl":{"start":{"line":4,"column":9},"end":{"line":4,"column":20}},"loc":{"start":{"line":4,"column":36},"end":{"line":18,"column":1}},"line":4}},"branchMap":{},"s":{"0":0,"1":0,"2":0},"f":{"0":0},"b":{}}
,"/Users/ricky.andika/Ricky/Others/codes/miraculous/src/assets/svg/SortDescIcon.js": {"path":"/Users/ricky.andika/Ricky/Others/codes/miraculous/src/assets/svg/SortDescIcon.js","statementMap":{"0":{"start":{"line":5,"column":2},"end":{"line":17,"column":4}},"1":{"start":{"line":20,"column":0},"end":{"line":22,"column":2}},"2":{"start":{"line":24,"column":0},"end":{"line":26,"column":2}}},"fnMap":{"0":{"name":"SortDescIcon","decl":{"start":{"line":4,"column":9},"end":{"line":4,"column":21}},"loc":{"start":{"line":4,"column":37},"end":{"line":18,"column":1}},"line":4}},"branchMap":{},"s":{"0":0,"1":0,"2":0},"f":{"0":0},"b":{}}
,"/Users/ricky.andika/Ricky/Others/codes/miraculous/src/assets/svg/SortNoneIcon.js": {"path":"/Users/ricky.andika/Ricky/Others/codes/miraculous/src/assets/svg/SortNoneIcon.js","statementMap":{"0":{"start":{"line":5,"column":2},"end":{"line":17,"column":4}},"1":{"start":{"line":20,"column":0},"end":{"line":22,"column":2}},"2":{"start":{"line":24,"column":0},"end":{"line":26,"column":2}}},"fnMap":{"0":{"name":"SortNoneIcon","decl":{"start":{"line":4,"column":9},"end":{"line":4,"column":21}},"loc":{"start":{"line":4,"column":37},"end":{"line":18,"column":1}},"line":4}},"branchMap":{},"s":{"0":0,"1":0,"2":0},"f":{"0":0},"b":{}}
,"/Users/ricky.andika/Ricky/Others/codes/miraculous/src/common/debounce.js": {"path":"/Users/ricky.andika/Ricky/Others/codes/miraculous/src/common/debounce.js","statementMap":{"0":{"start":{"line":3,"column":20},"end":{"line":17,"column":1}},"1":{"start":{"line":4,"column":46},"end":{"line":4,"column":61}},"2":{"start":{"line":6,"column":2},"end":{"line":14,"column":21}},"3":{"start":{"line":7,"column":20},"end":{"line":9,"column":13}},"4":{"start":{"line":8,"column":6},"end":{"line":8,"column":31}},"5":{"start":{"line":11,"column":4},"end":{"line":13,"column":6}},"6":{"start":{"line":12,"column":6},"end":{"line":12,"column":28}},"7":{"start":{"line":16,"column":2},"end":{"line":16,"column":24}}},"fnMap":{"0":{"name":"(anonymous_0)","decl":{"start":{"line":3,"column":20},"end":{"line":3,"column":21}},"loc":{"start":{"line":3,"column":38},"end":{"line":17,"column":1}},"line":3},"1":{"name":"(anonymous_1)","decl":{"start":{"line":6,"column":12},"end":{"line":6,"column":13}},"loc":{"start":{"line":6,"column":18},"end":{"line":14,"column":3}},"line":6},"2":{"name":"(anonymous_2)","decl":{"start":{"line":7,"column":31},"end":{"line":7,"column":32}},"loc":{"start":{"line":7,"column":37},"end":{"line":9,"column":5}},"line":7},"3":{"name":"(anonymous_3)","decl":{"start":{"line":11,"column":11},"end":{"line":11,"column":12}},"loc":{"start":{"line":11,"column":17},"end":{"line":13,"column":5}},"line":11}},"branchMap":{},"s":{"0":0,"1":0,"2":0,"3":0,"4":0,"5":0,"6":0,"7":0},"f":{"0":0,"1":0,"2":0,"3":0},"b":{}}
,"/Users/ricky.andika/Ricky/Others/codes/miraculous/src/components/atoms/button/index.js": {"path":"/Users/ricky.andika/Ricky/Others/codes/miraculous/src/components/atoms/button/index.js","statementMap":{"0":{"start":{"line":5,"column":2},"end":{"line":14,"column":4}},"1":{"start":{"line":10,"column":21},"end":{"line":10,"column":30}},"2":{"start":{"line":17,"column":0},"end":{"line":21,"column":2}},"3":{"start":{"line":23,"column":0},"end":{"line":27,"column":2}}},"fnMap":{"0":{"name":"Button","decl":{"start":{"line":4,"column":9},"end":{"line":4,"column":15}},"loc":{"start":{"line":4,"column":43},"end":{"line":15,"column":1}},"line":4},"1":{"name":"(anonymous_1)","decl":{"start":{"line":10,"column":15},"end":{"line":10,"column":16}},"loc":{"start":{"line":10,"column":21},"end":{"line":10,"column":30}},"line":10},"2":{"name":"(anonymous_2)","decl":{"start":{"line":26,"column":11},"end":{"line":26,"column":12}},"loc":{"start":{"line":26,"column":17},"end":{"line":26,"column":19}},"line":26}},"branchMap":{},"s":{"0":1,"1":1,"2":1,"3":1},"f":{"0":1,"1":1,"2":0},"b":{},"_coverageSchema":"1a1c01bbd47fc00a2c39e90264f33305004495a9","hash":"e9ea45f6c098ccc62d8cb5351288a3572a43e6c1"}
,"/Users/ricky.andika/Ricky/Others/codes/miraculous/src/components/atoms/dropdown/index.js": {"path":"/Users/ricky.andika/Ricky/Others/codes/miraculous/src/components/atoms/dropdown/index.js","statementMap":{"0":{"start":{"line":5,"column":2},"end":{"line":26,"column":4}},"1":{"start":{"line":14,"column":25},"end":{"line":14,"column":49}},"2":{"start":{"line":19,"column":14},"end":{"line":21,"column":23}},"3":{"start":{"line":29,"column":0},"end":{"line":39,"column":2}},"4":{"start":{"line":41,"column":0},"end":{"line":50,"column":2}}},"fnMap":{"0":{"name":"Dropdown","decl":{"start":{"line":4,"column":9},"end":{"line":4,"column":17}},"loc":{"start":{"line":4,"column":55},"end":{"line":27,"column":1}},"line":4},"1":{"name":"(anonymous_1)","decl":{"start":{"line":14,"column":18},"end":{"line":14,"column":19}},"loc":{"start":{"line":14,"column":25},"end":{"line":14,"column":49}},"line":14},"2":{"name":"(anonymous_2)","decl":{"start":{"line":18,"column":24},"end":{"line":18,"column":25}},"loc":{"start":{"line":19,"column":14},"end":{"line":21,"column":23}},"line":19},"3":{"name":"(anonymous_3)","decl":{"start":{"line":49,"column":12},"end":{"line":49,"column":13}},"loc":{"start":{"line":49,"column":18},"end":{"line":49,"column":20}},"line":49}},"branchMap":{"0":{"loc":{"start":{"line":17,"column":9},"end":{"line":23,"column":16}},"type":"cond-expr","locations":[{"start":{"line":18,"column":12},"end":{"line":22,"column":14}},{"start":{"line":23,"column":12},"end":{"line":23,"column":16}}],"line":17}},"s":{"0":1,"1":1,"2":3,"3":1,"4":1},"f":{"0":1,"1":1,"2":3,"3":1},"b":{"0":[1,0]},"_coverageSchema":"1a1c01bbd47fc00a2c39e90264f33305004495a9","hash":"135333126df8dbd2b1ab260a8496a6ffa1f21bd6"}
,"/Users/ricky.andika/Ricky/Others/codes/miraculous/src/components/atoms/search/index.js": {"path":"/Users/ricky.andika/Ricky/Others/codes/miraculous/src/components/atoms/search/index.js","statementMap":{"0":{"start":{"line":6,"column":32},"end":{"line":6,"column":44}},"1":{"start":{"line":8,"column":30},"end":{"line":13,"column":3}},"2":{"start":{"line":9,"column":4},"end":{"line":11,"column":5}},"3":{"start":{"line":10,"column":6},"end":{"line":10,"column":24}},"4":{"start":{"line":12,"column":4},"end":{"line":12,"column":16}},"5":{"start":{"line":15,"column":2},"end":{"line":39,"column":4}},"6":{"start":{"line":26,"column":27},"end":{"line":26,"column":53}},"7":{"start":{"line":33,"column":25},"end":{"line":33,"column":42}},"8":{"start":{"line":42,"column":0},"end":{"line":47,"column":2}},"9":{"start":{"line":49,"column":0},"end":{"line":54,"column":2}}},"fnMap":{"0":{"name":"Search","decl":{"start":{"line":5,"column":9},"end":{"line":5,"column":15}},"loc":{"start":{"line":5,"column":57},"end":{"line":40,"column":1}},"line":5},"1":{"name":"(anonymous_1)","decl":{"start":{"line":8,"column":30},"end":{"line":8,"column":31}},"loc":{"start":{"line":8,"column":37},"end":{"line":13,"column":3}},"line":8},"2":{"name":"(anonymous_2)","decl":{"start":{"line":26,"column":20},"end":{"line":26,"column":21}},"loc":{"start":{"line":26,"column":27},"end":{"line":26,"column":53}},"line":26},"3":{"name":"(anonymous_3)","decl":{"start":{"line":33,"column":19},"end":{"line":33,"column":20}},"loc":{"start":{"line":33,"column":25},"end":{"line":33,"column":42}},"line":33},"4":{"name":"(anonymous_4)","decl":{"start":{"line":53,"column":12},"end":{"line":53,"column":13}},"loc":{"start":{"line":53,"column":18},"end":{"line":53,"column":20}},"line":53}},"branchMap":{"0":{"loc":{"start":{"line":9,"column":4},"end":{"line":11,"column":5}},"type":"if","locations":[{"start":{"line":9,"column":4},"end":{"line":11,"column":5}},{"start":{},"end":{}}],"line":9}},"s":{"0":7,"1":7,"2":5,"3":0,"4":5,"5":7,"6":5,"7":1,"8":1,"9":1},"f":{"0":7,"1":5,"2":5,"3":1,"4":1},"b":{"0":[0,5]},"_coverageSchema":"1a1c01bbd47fc00a2c39e90264f33305004495a9","hash":"bda7b88aa47524889ded90994df05dd6da988f3b"}
,"/Users/ricky.andika/Ricky/Others/codes/miraculous/src/components/molecules/pagination/index.js": {"path":"/Users/ricky.andika/Ricky/Others/codes/miraculous/src/components/molecules/pagination/index.js","statementMap":{"0":{"start":{"line":10,"column":87},"end":{"line":10,"column":92}},"1":{"start":{"line":12,"column":26},"end":{"line":17,"column":4}},"2":{"start":{"line":19,"column":2},"end":{"line":21,"column":3}},"3":{"start":{"line":20,"column":4},"end":{"line":20,"column":16}},"4":{"start":{"line":23,"column":17},"end":{"line":25,"column":3}},"5":{"start":{"line":24,"column":4},"end":{"line":24,"column":34}},"6":{"start":{"line":27,"column":21},"end":{"line":29,"column":3}},"7":{"start":{"line":28,"column":4},"end":{"line":28,"column":34}},"8":{"start":{"line":31,"column":19},"end":{"line":31,"column":62}},"9":{"start":{"line":32,"column":2},"end":{"line":78,"column":4}},"10":{"start":{"line":49,"column":12},"end":{"line":55,"column":13}},"11":{"start":{"line":50,"column":14},"end":{"line":54,"column":16}},"12":{"start":{"line":56,"column":12},"end":{"line":66,"column":14}},"13":{"start":{"line":61,"column":31},"end":{"line":61,"column":55}},"14":{"start":{"line":81,"column":0},"end":{"line":88,"column":2}},"15":{"start":{"line":90,"column":0},"end":{"line":97,"column":2}}},"fnMap":{"0":{"name":"Pagination","decl":{"start":{"line":9,"column":9},"end":{"line":9,"column":19}},"loc":{"start":{"line":9,"column":27},"end":{"line":79,"column":1}},"line":9},"1":{"name":"(anonymous_1)","decl":{"start":{"line":23,"column":17},"end":{"line":23,"column":18}},"loc":{"start":{"line":23,"column":23},"end":{"line":25,"column":3}},"line":23},"2":{"name":"(anonymous_2)","decl":{"start":{"line":27,"column":21},"end":{"line":27,"column":22}},"loc":{"start":{"line":27,"column":27},"end":{"line":29,"column":3}},"line":27},"3":{"name":"(anonymous_3)","decl":{"start":{"line":48,"column":30},"end":{"line":48,"column":31}},"loc":{"start":{"line":48,"column":46},"end":{"line":67,"column":11}},"line":48},"4":{"name":"(anonymous_4)","decl":{"start":{"line":61,"column":25},"end":{"line":61,"column":26}},"loc":{"start":{"line":61,"column":31},"end":{"line":61,"column":55}},"line":61},"5":{"name":"(anonymous_5)","decl":{"start":{"line":91,"column":16},"end":{"line":91,"column":17}},"loc":{"start":{"line":91,"column":22},"end":{"line":91,"column":24}},"line":91}},"branchMap":{"0":{"loc":{"start":{"line":19,"column":2},"end":{"line":21,"column":3}},"type":"if","locations":[{"start":{"line":19,"column":2},"end":{"line":21,"column":3}},{"start":{},"end":{}}],"line":19},"1":{"loc":{"start":{"line":19,"column":6},"end":{"line":19,"column":74}},"type":"binary-expr","locations":[{"start":{"line":19,"column":6},"end":{"line":19,"column":23}},{"start":{"line":19,"column":28},"end":{"line":19,"column":43}},{"start":{"line":19,"column":47},"end":{"line":19,"column":73}}],"line":19},"2":{"loc":{"start":{"line":47,"column":9},"end":{"line":67,"column":12}},"type":"binary-expr","locations":[{"start":{"line":47,"column":9},"end":{"line":47,"column":24}},{"start":{"line":48,"column":10},"end":{"line":67,"column":12}}],"line":47},"3":{"loc":{"start":{"line":49,"column":12},"end":{"line":55,"column":13}},"type":"if","locations":[{"start":{"line":49,"column":12},"end":{"line":55,"column":13}},{"start":{},"end":{}}],"line":49}},"s":{"0":0,"1":0,"2":0,"3":0,"4":0,"5":0,"6":0,"7":0,"8":0,"9":0,"10":0,"11":0,"12":0,"13":0,"14":0,"15":0},"f":{"0":0,"1":0,"2":0,"3":0,"4":0,"5":0},"b":{"0":[0,0],"1":[0,0,0],"2":[0,0],"3":[0,0]}}
,"/Users/ricky.andika/Ricky/Others/codes/miraculous/src/components/molecules/pagination/usePagination.js": {"path":"/Users/ricky.andika/Ricky/Others/codes/miraculous/src/components/molecules/pagination/usePagination.js","statementMap":{"0":{"start":{"line":3,"column":20},"end":{"line":3,"column":25}},"1":{"start":{"line":5,"column":14},"end":{"line":8,"column":1}},"2":{"start":{"line":6,"column":17},"end":{"line":6,"column":32}},"3":{"start":{"line":7,"column":2},"end":{"line":7,"column":57}},"4":{"start":{"line":7,"column":44},"end":{"line":7,"column":55}},"5":{"start":{"line":10,"column":29},"end":{"line":51,"column":1}},"6":{"start":{"line":12,"column":26},"end":{"line":48,"column":55}},"7":{"start":{"line":13,"column":27},"end":{"line":13,"column":59}},"8":{"start":{"line":16,"column":29},"end":{"line":16,"column":45}},"9":{"start":{"line":18,"column":4},"end":{"line":20,"column":5}},"10":{"start":{"line":19,"column":6},"end":{"line":19,"column":38}},"11":{"start":{"line":22,"column":29},"end":{"line":22,"column":68}},"12":{"start":{"line":23,"column":30},"end":{"line":23,"column":82}},"13":{"start":{"line":25,"column":31},"end":{"line":25,"column":51}},"14":{"start":{"line":26,"column":32},"end":{"line":26,"column":70}},"15":{"start":{"line":28,"column":27},"end":{"line":28,"column":28}},"16":{"start":{"line":29,"column":26},"end":{"line":29,"column":40}},"17":{"start":{"line":31,"column":4},"end":{"line":36,"column":5}},"18":{"start":{"line":32,"column":28},"end":{"line":32,"column":48}},"19":{"start":{"line":33,"column":24},"end":{"line":33,"column":47}},"20":{"start":{"line":35,"column":6},"end":{"line":35,"column":50}},"21":{"start":{"line":38,"column":4},"end":{"line":42,"column":5}},"22":{"start":{"line":39,"column":29},"end":{"line":39,"column":49}},"23":{"start":{"line":40,"column":25},"end":{"line":40,"column":83}},"24":{"start":{"line":41,"column":6},"end":{"line":41,"column":51}},"25":{"start":{"line":44,"column":4},"end":{"line":47,"column":5}},"26":{"start":{"line":45,"column":26},"end":{"line":45,"column":68}},"27":{"start":{"line":46,"column":6},"end":{"line":46,"column":73}},"28":{"start":{"line":50,"column":2},"end":{"line":50,"column":25}}},"fnMap":{"0":{"name":"(anonymous_0)","decl":{"start":{"line":5,"column":14},"end":{"line":5,"column":15}},"loc":{"start":{"line":5,"column":30},"end":{"line":8,"column":1}},"line":5},"1":{"name":"(anonymous_1)","decl":{"start":{"line":7,"column":32},"end":{"line":7,"column":33}},"loc":{"start":{"line":7,"column":44},"end":{"line":7,"column":55}},"line":7},"2":{"name":"(anonymous_2)","decl":{"start":{"line":10,"column":29},"end":{"line":10,"column":30}},"loc":{"start":{"line":10,"column":90},"end":{"line":51,"column":1}},"line":10},"3":{"name":"(anonymous_3)","decl":{"start":{"line":12,"column":34},"end":{"line":12,"column":35}},"loc":{"start":{"line":12,"column":40},"end":{"line":48,"column":3}},"line":12}},"branchMap":{"0":{"loc":{"start":{"line":10,"column":54},"end":{"line":10,"column":70}},"type":"default-arg","locations":[{"start":{"line":10,"column":69},"end":{"line":10,"column":70}}],"line":10},"1":{"loc":{"start":{"line":18,"column":4},"end":{"line":20,"column":5}},"type":"if","locations":[{"start":{"line":18,"column":4},"end":{"line":20,"column":5}},{"start":{},"end":{}}],"line":18},"2":{"loc":{"start":{"line":31,"column":4},"end":{"line":36,"column":5}},"type":"if","locations":[{"start":{"line":31,"column":4},"end":{"line":36,"column":5}},{"start":{},"end":{}}],"line":31},"3":{"loc":{"start":{"line":31,"column":8},"end":{"line":31,"column":50}},"type":"binary-expr","locations":[{"start":{"line":31,"column":8},"end":{"line":31,"column":27}},{"start":{"line":31,"column":31},"end":{"line":31,"column":50}}],"line":31},"4":{"loc":{"start":{"line":38,"column":4},"end":{"line":42,"column":5}},"type":"if","locations":[{"start":{"line":38,"column":4},"end":{"line":42,"column":5}},{"start":{},"end":{}}],"line":38},"5":{"loc":{"start":{"line":38,"column":8},"end":{"line":38,"column":50}},"type":"binary-expr","locations":[{"start":{"line":38,"column":8},"end":{"line":38,"column":26}},{"start":{"line":38,"column":30},"end":{"line":38,"column":50}}],"line":38},"6":{"loc":{"start":{"line":44,"column":4},"end":{"line":47,"column":5}},"type":"if","locations":[{"start":{"line":44,"column":4},"end":{"line":47,"column":5}},{"start":{},"end":{}}],"line":44},"7":{"loc":{"start":{"line":44,"column":8},"end":{"line":44,"column":49}},"type":"binary-expr","locations":[{"start":{"line":44,"column":8},"end":{"line":44,"column":26}},{"start":{"line":44,"column":30},"end":{"line":44,"column":49}}],"line":44}},"s":{"0":0,"1":0,"2":0,"3":0,"4":0,"5":0,"6":0,"7":0,"8":0,"9":0,"10":0,"11":0,"12":0,"13":0,"14":0,"15":0,"16":0,"17":0,"18":0,"19":0,"20":0,"21":0,"22":0,"23":0,"24":0,"25":0,"26":0,"27":0,"28":0},"f":{"0":0,"1":0,"2":0,"3":0},"b":{"0":[0],"1":[0,0],"2":[0,0],"3":[0,0],"4":[0,0],"5":[0,0],"6":[0,0],"7":[0,0]}}
,"/Users/ricky.andika/Ricky/Others/codes/miraculous/src/components/organisms/searchFilterUserlist/index.js": {"path":"/Users/ricky.andika/Ricky/Others/codes/miraculous/src/components/organisms/searchFilterUserlist/index.js","statementMap":{"0":{"start":{"line":9,"column":32},"end":{"line":9,"column":37}},"1":{"start":{"line":10,"column":24},"end":{"line":14,"column":3}},"2":{"start":{"line":16,"column":2},"end":{"line":42,"column":4}},"3":{"start":{"line":21,"column":31},"end":{"line":21,"column":64}},"4":{"start":{"line":26,"column":30},"end":{"line":26,"column":70}},"5":{"start":{"line":31,"column":10},"end":{"line":38,"column":12}},"6":{"start":{"line":45,"column":20},"end":{"line":51,"column":1}},"7":{"start":{"line":53,"column":0},"end":{"line":57,"column":2}},"8":{"start":{"line":59,"column":0},"end":{"line":62,"column":2}}},"fnMap":{"0":{"name":"SearchFilterUserlist","decl":{"start":{"line":8,"column":9},"end":{"line":8,"column":29}},"loc":{"start":{"line":8,"column":41},"end":{"line":43,"column":1}},"line":8},"1":{"name":"(anonymous_1)","decl":{"start":{"line":21,"column":18},"end":{"line":21,"column":19}},"loc":{"start":{"line":21,"column":31},"end":{"line":21,"column":64}},"line":21},"2":{"name":"(anonymous_2)","decl":{"start":{"line":26,"column":18},"end":{"line":26,"column":19}},"loc":{"start":{"line":26,"column":30},"end":{"line":26,"column":70}},"line":26},"3":{"name":"(anonymous_3)","decl":{"start":{"line":30,"column":17},"end":{"line":30,"column":18}},"loc":{"start":{"line":31,"column":10},"end":{"line":38,"column":12}},"line":31},"4":{"name":"(anonymous_4)","decl":{"start":{"line":61,"column":13},"end":{"line":61,"column":14}},"loc":{"start":{"line":61,"column":19},"end":{"line":61,"column":21}},"line":61}},"branchMap":{},"s":{"0":0,"1":0,"2":0,"3":0,"4":0,"5":0,"6":0,"7":0,"8":0},"f":{"0":0,"1":0,"2":0,"3":0,"4":0},"b":{}}
,"/Users/ricky.andika/Ricky/Others/codes/miraculous/src/components/organisms/tableUserlist/index.js": {"path":"/Users/ricky.andika/Ricky/Others/codes/miraculous/src/components/organisms/tableUserlist/index.js","statementMap":{"0":{"start":{"line":9,"column":47},"end":{"line":9,"column":52}},"1":{"start":{"line":10,"column":46},"end":{"line":10,"column":57}},"2":{"start":{"line":11,"column":48},"end":{"line":11,"column":59}},"3":{"start":{"line":12,"column":50},"end":{"line":12,"column":61}},"4":{"start":{"line":13,"column":66},"end":{"line":13,"column":77}},"5":{"start":{"line":15,"column":20},"end":{"line":36,"column":3}},"6":{"start":{"line":38,"column":26},"end":{"line":46,"column":3}},"7":{"start":{"line":39,"column":4},"end":{"line":41,"column":5}},"8":{"start":{"line":40,"column":6},"end":{"line":40,"column":20}},"9":{"start":{"line":42,"column":4},"end":{"line":44,"column":5}},"10":{"start":{"line":43,"column":6},"end":{"line":43,"column":16}},"11":{"start":{"line":45,"column":4},"end":{"line":45,"column":20}},"12":{"start":{"line":48,"column":34},"end":{"line":51,"column":3}},"13":{"start":{"line":49,"column":4},"end":{"line":49,"column":69}},"14":{"start":{"line":50,"column":4},"end":{"line":50,"column":43}},"15":{"start":{"line":53,"column":35},"end":{"line":56,"column":3}},"16":{"start":{"line":54,"column":4},"end":{"line":54,"column":72}},"17":{"start":{"line":55,"column":4},"end":{"line":55,"column":44}},"18":{"start":{"line":58,"column":36},"end":{"line":61,"column":3}},"19":{"start":{"line":59,"column":4},"end":{"line":59,"column":75}},"20":{"start":{"line":60,"column":4},"end":{"line":60,"column":45}},"21":{"start":{"line":63,"column":44},"end":{"line":66,"column":3}},"22":{"start":{"line":64,"column":4},"end":{"line":64,"column":99}},"23":{"start":{"line":65,"column":4},"end":{"line":65,"column":53}},"24":{"start":{"line":68,"column":23},"end":{"line":73,"column":3}},"25":{"start":{"line":69,"column":4},"end":{"line":69,"column":83}},"26":{"start":{"line":70,"column":4},"end":{"line":70,"column":26}},"27":{"start":{"line":71,"column":4},"end":{"line":71,"column":27}},"28":{"start":{"line":72,"column":4},"end":{"line":72,"column":35}},"29":{"start":{"line":75,"column":24},"end":{"line":80,"column":3}},"30":{"start":{"line":76,"column":4},"end":{"line":76,"column":85}},"31":{"start":{"line":77,"column":4},"end":{"line":77,"column":25}},"32":{"start":{"line":78,"column":4},"end":{"line":78,"column":27}},"33":{"start":{"line":79,"column":4},"end":{"line":79,"column":35}},"34":{"start":{"line":82,"column":25},"end":{"line":87,"column":3}},"35":{"start":{"line":83,"column":4},"end":{"line":83,"column":87}},"36":{"start":{"line":84,"column":4},"end":{"line":84,"column":25}},"37":{"start":{"line":85,"column":4},"end":{"line":85,"column":26}},"38":{"start":{"line":86,"column":4},"end":{"line":86,"column":35}},"39":{"start":{"line":89,"column":33},"end":{"line":98,"column":3}},"40":{"start":{"line":90,"column":4},"end":{"line":94,"column":7}},"41":{"start":{"line":95,"column":4},"end":{"line":95,"column":26}},"42":{"start":{"line":96,"column":4},"end":{"line":96,"column":25}},"43":{"start":{"line":97,"column":4},"end":{"line":97,"column":27}},"44":{"start":{"line":100,"column":25},"end":{"line":108,"column":3}},"45":{"start":{"line":101,"column":4},"end":{"line":103,"column":5}},"46":{"start":{"line":102,"column":6},"end":{"line":102,"column":30}},"47":{"start":{"line":104,"column":4},"end":{"line":106,"column":5}},"48":{"start":{"line":105,"column":6},"end":{"line":105,"column":29}},"49":{"start":{"line":107,"column":4},"end":{"line":107,"column":28}},"50":{"start":{"line":110,"column":26},"end":{"line":174,"column":3}},"51":{"start":{"line":111,"column":4},"end":{"line":124,"column":5}},"52":{"start":{"line":112,"column":6},"end":{"line":123,"column":8}},"53":{"start":{"line":116,"column":25},"end":{"line":116,"column":39}},"54":{"start":{"line":125,"column":4},"end":{"line":138,"column":5}},"55":{"start":{"line":126,"column":6},"end":{"line":137,"column":8}},"56":{"start":{"line":130,"column":25},"end":{"line":130,"column":40}},"57":{"start":{"line":139,"column":4},"end":{"line":152,"column":5}},"58":{"start":{"line":140,"column":6},"end":{"line":151,"column":8}},"59":{"start":{"line":144,"column":25},"end":{"line":144,"column":41}},"60":{"start":{"line":153,"column":4},"end":{"line":168,"column":5}},"61":{"start":{"line":154,"column":6},"end":{"line":167,"column":8}},"62":{"start":{"line":160,"column":25},"end":{"line":160,"column":49}},"63":{"start":{"line":169,"column":4},"end":{"line":173,"column":6}},"64":{"start":{"line":176,"column":30},"end":{"line":228,"column":3}},"65":{"start":{"line":177,"column":4},"end":{"line":187,"column":5}},"66":{"start":{"line":178,"column":6},"end":{"line":186,"column":8}},"67":{"start":{"line":182,"column":25},"end":{"line":182,"column":39}},"68":{"start":{"line":188,"column":4},"end":{"line":198,"column":5}},"69":{"start":{"line":189,"column":6},"end":{"line":197,"column":8}},"70":{"start":{"line":193,"column":25},"end":{"line":193,"column":40}},"71":{"start":{"line":199,"column":4},"end":{"line":209,"column":5}},"72":{"start":{"line":200,"column":6},"end":{"line":208,"column":8}},"73":{"start":{"line":204,"column":25},"end":{"line":204,"column":41}},"74":{"start":{"line":210,"column":4},"end":{"line":222,"column":5}},"75":{"start":{"line":211,"column":6},"end":{"line":221,"column":8}},"76":{"start":{"line":217,"column":25},"end":{"line":217,"column":49}},"77":{"start":{"line":223,"column":4},"end":{"line":227,"column":6}},"78":{"start":{"line":230,"column":26},"end":{"line":259,"column":3}},"79":{"start":{"line":231,"column":4},"end":{"line":241,"column":5}},"80":{"start":{"line":232,"column":6},"end":{"line":240,"column":8}},"81":{"start":{"line":235,"column":12},"end":{"line":237,"column":17}},"82":{"start":{"line":236,"column":42},"end":{"line":236,"column":70}},"83":{"start":{"line":242,"column":4},"end":{"line":250,"column":5}},"84":{"start":{"line":243,"column":6},"end":{"line":249,"column":8}},"85":{"start":{"line":251,"column":4},"end":{"line":257,"column":5}},"86":{"start":{"line":252,"column":6},"end":{"line":256,"column":8}},"87":{"start":{"line":258,"column":4},"end":{"line":258,"column":16}},"88":{"start":{"line":260,"column":2},"end":{"line":269,"column":4}},"89":{"start":{"line":264,"column":48},"end":{"line":264,"column":74}},"90":{"start":{"line":272,"column":20},"end":{"line":278,"column":1}},"91":{"start":{"line":280,"column":0},"end":{"line":286,"column":2}},"92":{"start":{"line":288,"column":0},"end":{"line":293,"column":2}}},"fnMap":{"0":{"name":"TableUserlist","decl":{"start":{"line":8,"column":9},"end":{"line":8,"column":22}},"loc":{"start":{"line":8,"column":34},"end":{"line":270,"column":1}},"line":8},"1":{"name":"(anonymous_1)","decl":{"start":{"line":38,"column":26},"end":{"line":38,"column":27}},"loc":{"start":{"line":38,"column":37},"end":{"line":46,"column":3}},"line":38},"2":{"name":"(anonymous_2)","decl":{"start":{"line":48,"column":34},"end":{"line":48,"column":35}},"loc":{"start":{"line":48,"column":40},"end":{"line":51,"column":3}},"line":48},"3":{"name":"(anonymous_3)","decl":{"start":{"line":53,"column":35},"end":{"line":53,"column":36}},"loc":{"start":{"line":53,"column":41},"end":{"line":56,"column":3}},"line":53},"4":{"name":"(anonymous_4)","decl":{"start":{"line":58,"column":36},"end":{"line":58,"column":37}},"loc":{"start":{"line":58,"column":42},"end":{"line":61,"column":3}},"line":58},"5":{"name":"(anonymous_5)","decl":{"start":{"line":63,"column":44},"end":{"line":63,"column":45}},"loc":{"start":{"line":63,"column":50},"end":{"line":66,"column":3}},"line":63},"6":{"name":"(anonymous_6)","decl":{"start":{"line":68,"column":23},"end":{"line":68,"column":24}},"loc":{"start":{"line":68,"column":29},"end":{"line":73,"column":3}},"line":68},"7":{"name":"(anonymous_7)","decl":{"start":{"line":75,"column":24},"end":{"line":75,"column":25}},"loc":{"start":{"line":75,"column":30},"end":{"line":80,"column":3}},"line":75},"8":{"name":"(anonymous_8)","decl":{"start":{"line":82,"column":25},"end":{"line":82,"column":26}},"loc":{"start":{"line":82,"column":31},"end":{"line":87,"column":3}},"line":82},"9":{"name":"(anonymous_9)","decl":{"start":{"line":89,"column":33},"end":{"line":89,"column":34}},"loc":{"start":{"line":89,"column":39},"end":{"line":98,"column":3}},"line":89},"10":{"name":"(anonymous_10)","decl":{"start":{"line":100,"column":25},"end":{"line":100,"column":26}},"loc":{"start":{"line":100,"column":36},"end":{"line":108,"column":3}},"line":100},"11":{"name":"(anonymous_11)","decl":{"start":{"line":110,"column":26},"end":{"line":110,"column":27}},"loc":{"start":{"line":110,"column":41},"end":{"line":174,"column":3}},"line":110},"12":{"name":"(anonymous_12)","decl":{"start":{"line":116,"column":19},"end":{"line":116,"column":20}},"loc":{"start":{"line":116,"column":25},"end":{"line":116,"column":39}},"line":116},"13":{"name":"(anonymous_13)","decl":{"start":{"line":130,"column":19},"end":{"line":130,"column":20}},"loc":{"start":{"line":130,"column":25},"end":{"line":130,"column":40}},"line":130},"14":{"name":"(anonymous_14)","decl":{"start":{"line":144,"column":19},"end":{"line":144,"column":20}},"loc":{"start":{"line":144,"column":25},"end":{"line":144,"column":41}},"line":144},"15":{"name":"(anonymous_15)","decl":{"start":{"line":160,"column":19},"end":{"line":160,"column":20}},"loc":{"start":{"line":160,"column":25},"end":{"line":160,"column":49}},"line":160},"16":{"name":"(anonymous_16)","decl":{"start":{"line":176,"column":30},"end":{"line":176,"column":31}},"loc":{"start":{"line":176,"column":43},"end":{"line":228,"column":3}},"line":176},"17":{"name":"(anonymous_17)","decl":{"start":{"line":182,"column":19},"end":{"line":182,"column":20}},"loc":{"start":{"line":182,"column":25},"end":{"line":182,"column":39}},"line":182},"18":{"name":"(anonymous_18)","decl":{"start":{"line":193,"column":19},"end":{"line":193,"column":20}},"loc":{"start":{"line":193,"column":25},"end":{"line":193,"column":40}},"line":193},"19":{"name":"(anonymous_19)","decl":{"start":{"line":204,"column":19},"end":{"line":204,"column":20}},"loc":{"start":{"line":204,"column":25},"end":{"line":204,"column":41}},"line":204},"20":{"name":"(anonymous_20)","decl":{"start":{"line":217,"column":19},"end":{"line":217,"column":20}},"loc":{"start":{"line":217,"column":25},"end":{"line":217,"column":49}},"line":217},"21":{"name":"(anonymous_21)","decl":{"start":{"line":230,"column":26},"end":{"line":230,"column":27}},"loc":{"start":{"line":230,"column":52},"end":{"line":259,"column":3}},"line":230},"22":{"name":"(anonymous_22)","decl":{"start":{"line":234,"column":25},"end":{"line":234,"column":26}},"loc":{"start":{"line":235,"column":12},"end":{"line":237,"column":17}},"line":235},"23":{"name":"(anonymous_23)","decl":{"start":{"line":236,"column":29},"end":{"line":236,"column":30}},"loc":{"start":{"line":236,"column":42},"end":{"line":236,"column":70}},"line":236},"24":{"name":"(anonymous_24)","decl":{"start":{"line":264,"column":29},"end":{"line":264,"column":30}},"loc":{"start":{"line":264,"column":48},"end":{"line":264,"column":74}},"line":264},"25":{"name":"(anonymous_25)","decl":{"start":{"line":290,"column":13},"end":{"line":290,"column":14}},"loc":{"start":{"line":290,"column":19},"end":{"line":290,"column":21}},"line":290}},"branchMap":{"0":{"loc":{"start":{"line":39,"column":4},"end":{"line":41,"column":5}},"type":"if","locations":[{"start":{"line":39,"column":4},"end":{"line":41,"column":5}},{"start":{},"end":{}}],"line":39},"1":{"loc":{"start":{"line":42,"column":4},"end":{"line":44,"column":5}},"type":"if","locations":[{"start":{"line":42,"column":4},"end":{"line":44,"column":5}},{"start":{},"end":{}}],"line":42},"2":{"loc":{"start":{"line":49,"column":22},"end":{"line":49,"column":67}},"type":"cond-expr","locations":[{"start":{"line":49,"column":45},"end":{"line":49,"column":46}},{"start":{"line":49,"column":49},"end":{"line":49,"column":67}}],"line":49},"3":{"loc":{"start":{"line":54,"column":23},"end":{"line":54,"column":70}},"type":"cond-expr","locations":[{"start":{"line":54,"column":47},"end":{"line":54,"column":48}},{"start":{"line":54,"column":51},"end":{"line":54,"column":70}}],"line":54},"4":{"loc":{"start":{"line":59,"column":24},"end":{"line":59,"column":73}},"type":"cond-expr","locations":[{"start":{"line":59,"column":49},"end":{"line":59,"column":50}},{"start":{"line":59,"column":53},"end":{"line":59,"column":73}}],"line":59},"5":{"loc":{"start":{"line":64,"column":32},"end":{"line":64,"column":97}},"type":"cond-expr","locations":[{"start":{"line":64,"column":65},"end":{"line":64,"column":66}},{"start":{"line":64,"column":69},"end":{"line":64,"column":97}}],"line":64},"6":{"loc":{"start":{"line":101,"column":4},"end":{"line":103,"column":5}},"type":"if","locations":[{"start":{"line":101,"column":4},"end":{"line":103,"column":5}},{"start":{},"end":{}}],"line":101},"7":{"loc":{"start":{"line":104,"column":4},"end":{"line":106,"column":5}},"type":"if","locations":[{"start":{"line":104,"column":4},"end":{"line":106,"column":5}},{"start":{},"end":{}}],"line":104},"8":{"loc":{"start":{"line":111,"column":4},"end":{"line":124,"column":5}},"type":"if","locations":[{"start":{"line":111,"column":4},"end":{"line":124,"column":5}},{"start":{},"end":{}}],"line":111},"9":{"loc":{"start":{"line":114,"column":49},"end":{"line":114,"column":90}},"type":"cond-expr","locations":[{"start":{"line":114,"column":72},"end":{"line":114,"column":85}},{"start":{"line":114,"column":88},"end":{"line":114,"column":90}}],"line":114},"10":{"loc":{"start":{"line":125,"column":4},"end":{"line":138,"column":5}},"type":"if","locations":[{"start":{"line":125,"column":4},"end":{"line":138,"column":5}},{"start":{},"end":{}}],"line":125},"11":{"loc":{"start":{"line":128,"column":49},"end":{"line":128,"column":91}},"type":"cond-expr","locations":[{"start":{"line":128,"column":73},"end":{"line":128,"column":86}},{"start":{"line":128,"column":89},"end":{"line":128,"column":91}}],"line":128},"12":{"loc":{"start":{"line":139,"column":4},"end":{"line":152,"column":5}},"type":"if","locations":[{"start":{"line":139,"column":4},"end":{"line":152,"column":5}},{"start":{},"end":{}}],"line":139},"13":{"loc":{"start":{"line":142,"column":49},"end":{"line":142,"column":92}},"type":"cond-expr","locations":[{"start":{"line":142,"column":74},"end":{"line":142,"column":87}},{"start":{"line":142,"column":90},"end":{"line":142,"column":92}}],"line":142},"14":{"loc":{"start":{"line":153,"column":4},"end":{"line":168,"column":5}},"type":"if","locations":[{"start":{"line":153,"column":4},"end":{"line":168,"column":5}},{"start":{},"end":{}}],"line":153},"15":{"loc":{"start":{"line":157,"column":12},"end":{"line":157,"column":63}},"type":"cond-expr","locations":[{"start":{"line":157,"column":45},"end":{"line":157,"column":58}},{"start":{"line":157,"column":61},"end":{"line":157,"column":63}}],"line":157},"16":{"loc":{"start":{"line":177,"column":4},"end":{"line":187,"column":5}},"type":"if","locations":[{"start":{"line":177,"column":4},"end":{"line":187,"column":5}},{"start":{},"end":{}}],"line":177},"17":{"loc":{"start":{"line":180,"column":49},"end":{"line":180,"column":90}},"type":"cond-expr","locations":[{"start":{"line":180,"column":72},"end":{"line":180,"column":85}},{"start":{"line":180,"column":88},"end":{"line":180,"column":90}}],"line":180},"18":{"loc":{"start":{"line":188,"column":4},"end":{"line":198,"column":5}},"type":"if","locations":[{"start":{"line":188,"column":4},"end":{"line":198,"column":5}},{"start":{},"end":{}}],"line":188},"19":{"loc":{"start":{"line":191,"column":49},"end":{"line":191,"column":91}},"type":"cond-expr","locations":[{"start":{"line":191,"column":73},"end":{"line":191,"column":86}},{"start":{"line":191,"column":89},"end":{"line":191,"column":91}}],"line":191},"20":{"loc":{"start":{"line":199,"column":4},"end":{"line":209,"column":5}},"type":"if","locations":[{"start":{"line":199,"column":4},"end":{"line":209,"column":5}},{"start":{},"end":{}}],"line":199},"21":{"loc":{"start":{"line":202,"column":49},"end":{"line":202,"column":92}},"type":"cond-expr","locations":[{"start":{"line":202,"column":74},"end":{"line":202,"column":87}},{"start":{"line":202,"column":90},"end":{"line":202,"column":92}}],"line":202},"22":{"loc":{"start":{"line":210,"column":4},"end":{"line":222,"column":5}},"type":"if","locations":[{"start":{"line":210,"column":4},"end":{"line":222,"column":5}},{"start":{},"end":{}}],"line":210},"23":{"loc":{"start":{"line":214,"column":12},"end":{"line":214,"column":63}},"type":"cond-expr","locations":[{"start":{"line":214,"column":45},"end":{"line":214,"column":58}},{"start":{"line":214,"column":61},"end":{"line":214,"column":63}}],"line":214},"24":{"loc":{"start":{"line":231,"column":4},"end":{"line":241,"column":5}},"type":"if","locations":[{"start":{"line":231,"column":4},"end":{"line":241,"column":5}},{"start":{},"end":{}}],"line":231},"25":{"loc":{"start":{"line":231,"column":8},"end":{"line":231,"column":29}},"type":"binary-expr","locations":[{"start":{"line":231,"column":8},"end":{"line":231,"column":17}},{"start":{"line":231,"column":21},"end":{"line":231,"column":29}}],"line":231},"26":{"loc":{"start":{"line":242,"column":4},"end":{"line":250,"column":5}},"type":"if","locations":[{"start":{"line":242,"column":4},"end":{"line":250,"column":5}},{"start":{},"end":{}}],"line":242},"27":{"loc":{"start":{"line":251,"column":4},"end":{"line":257,"column":5}},"type":"if","locations":[{"start":{"line":251,"column":4},"end":{"line":257,"column":5}},{"start":{},"end":{}}],"line":251},"28":{"loc":{"start":{"line":251,"column":8},"end":{"line":251,"column":32}},"type":"binary-expr","locations":[{"start":{"line":251,"column":8},"end":{"line":251,"column":18}},{"start":{"line":251,"column":22},"end":{"line":251,"column":32}}],"line":251}},"s":{"0":0,"1":0,"2":0,"3":0,"4":0,"5":0,"6":0,"7":0,"8":0,"9":0,"10":0,"11":0,"12":0,"13":0,"14":0,"15":0,"16":0,"17":0,"18":0,"19":0,"20":0,"21":0,"22":0,"23":0,"24":0,"25":0,"26":0,"27":0,"28":0,"29":0,"30":0,"31":0,"32":0,"33":0,"34":0,"35":0,"36":0,"37":0,"38":0,"39":0,"40":0,"41":0,"42":0,"43":0,"44":0,"45":0,"46":0,"47":0,"48":0,"49":0,"50":0,"51":0,"52":0,"53":0,"54":0,"55":0,"56":0,"57":0,"58":0,"59":0,"60":0,"61":0,"62":0,"63":0,"64":0,"65":0,"66":0,"67":0,"68":0,"69":0,"70":0,"71":0,"72":0,"73":0,"74":0,"75":0,"76":0,"77":0,"78":0,"79":0,"80":0,"81":0,"82":0,"83":0,"84":0,"85":0,"86":0,"87":0,"88":0,"89":0,"90":0,"91":0,"92":0},"f":{"0":0,"1":0,"2":0,"3":0,"4":0,"5":0,"6":0,"7":0,"8":0,"9":0,"10":0,"11":0,"12":0,"13":0,"14":0,"15":0,"16":0,"17":0,"18":0,"19":0,"20":0,"21":0,"22":0,"23":0,"24":0,"25":0},"b":{"0":[0,0],"1":[0,0],"2":[0,0],"3":[0,0],"4":[0,0],"5":[0,0],"6":[0,0],"7":[0,0],"8":[0,0],"9":[0,0],"10":[0,0],"11":[0,0],"12":[0,0],"13":[0,0],"14":[0,0],"15":[0,0],"16":[0,0],"17":[0,0],"18":[0,0],"19":[0,0],"20":[0,0],"21":[0,0],"22":[0,0],"23":[0,0],"24":[0,0],"25":[0,0],"26":[0,0],"27":[0,0],"28":[0,0]}}
,"/Users/ricky.andika/Ricky/Others/codes/miraculous/src/components/templates/userlist/index.js": {"path":"/Users/ricky.andika/Ricky/Others/codes/miraculous/src/components/templates/userlist/index.js","statementMap":{"0":{"start":{"line":9,"column":21},"end":{"line":9,"column":24}},"1":{"start":{"line":10,"column":42},"end":{"line":10,"column":47}},"2":{"start":{"line":12,"column":2},"end":{"line":26,"column":4}},"3":{"start":{"line":22,"column":34},"end":{"line":22,"column":77}},"4":{"start":{"line":29,"column":20},"end":{"line":35,"column":1}},"5":{"start":{"line":37,"column":0},"end":{"line":42,"column":2}},"6":{"start":{"line":44,"column":0},"end":{"line":48,"column":2}}},"fnMap":{"0":{"name":"Userlist","decl":{"start":{"line":8,"column":9},"end":{"line":8,"column":17}},"loc":{"start":{"line":8,"column":29},"end":{"line":27,"column":1}},"line":8},"1":{"name":"(anonymous_1)","decl":{"start":{"line":22,"column":24},"end":{"line":22,"column":25}},"loc":{"start":{"line":22,"column":34},"end":{"line":22,"column":77}},"line":22},"2":{"name":"(anonymous_2)","decl":{"start":{"line":46,"column":13},"end":{"line":46,"column":14}},"loc":{"start":{"line":46,"column":19},"end":{"line":46,"column":21}},"line":46}},"branchMap":{},"s":{"0":0,"1":0,"2":0,"3":0,"4":0,"5":0,"6":0},"f":{"0":0,"1":0,"2":0},"b":{}}
,"/Users/ricky.andika/Ricky/Others/codes/miraculous/src/pages/home/index.js": {"path":"/Users/ricky.andika/Ricky/Others/codes/miraculous/src/pages/home/index.js","statementMap":{"0":{"start":{"line":8,"column":19},"end":{"line":8,"column":32}},"1":{"start":{"line":9,"column":19},"end":{"line":9,"column":21}},"2":{"start":{"line":10,"column":35},"end":{"line":10,"column":69}},"3":{"start":{"line":10,"column":58},"end":{"line":10,"column":68}},"4":{"start":{"line":12,"column":30},"end":{"line":18,"column":4}},"5":{"start":{"line":20,"column":16},"end":{"line":20,"column":169}},"6":{"start":{"line":22,"column":33},"end":{"line":22,"column":65}},"7":{"start":{"line":24,"column":2},"end":{"line":28,"column":31}},"8":{"start":{"line":25,"column":4},"end":{"line":27,"column":5}},"9":{"start":{"line":26,"column":6},"end":{"line":26,"column":39}},"10":{"start":{"line":30,"column":2},"end":{"line":32,"column":75}},"11":{"start":{"line":31,"column":4},"end":{"line":31,"column":37}},"12":{"start":{"line":34,"column":16},"end":{"line":34,"column":69}},"13":{"start":{"line":35,"column":2},"end":{"line":39,"column":4}}},"fnMap":{"0":{"name":"Home","decl":{"start":{"line":7,"column":9},"end":{"line":7,"column":13}},"loc":{"start":{"line":7,"column":16},"end":{"line":40,"column":1}},"line":7},"1":{"name":"(anonymous_1)","decl":{"start":{"line":10,"column":47},"end":{"line":10,"column":48}},"loc":{"start":{"line":10,"column":58},"end":{"line":10,"column":68}},"line":10},"2":{"name":"(anonymous_2)","decl":{"start":{"line":24,"column":12},"end":{"line":24,"column":13}},"loc":{"start":{"line":24,"column":18},"end":{"line":28,"column":3}},"line":24},"3":{"name":"(anonymous_3)","decl":{"start":{"line":30,"column":12},"end":{"line":30,"column":13}},"loc":{"start":{"line":30,"column":18},"end":{"line":32,"column":3}},"line":30}},"branchMap":{"0":{"loc":{"start":{"line":25,"column":4},"end":{"line":27,"column":5}},"type":"if","locations":[{"start":{"line":25,"column":4},"end":{"line":27,"column":5}},{"start":{},"end":{}}],"line":25}},"s":{"0":0,"1":0,"2":0,"3":0,"4":0,"5":0,"6":0,"7":0,"8":0,"9":0,"10":0,"11":0,"12":0,"13":0},"f":{"0":0,"1":0,"2":0,"3":0},"b":{"0":[0,0]}}
,"/Users/ricky.andika/Ricky/Others/codes/miraculous/src/pages/home/slice/index.js": {"path":"/Users/ricky.andika/Ricky/Others/codes/miraculous/src/pages/home/slice/index.js","statementMap":{"0":{"start":{"line":5,"column":16},"end":{"line":5,"column":43}},"1":{"start":{"line":7,"column":21},"end":{"line":11,"column":1}},"2":{"start":{"line":13,"column":25},"end":{"line":30,"column":2}},"3":{"start":{"line":18,"column":6},"end":{"line":18,"column":27}},"4":{"start":{"line":19,"column":6},"end":{"line":19,"column":22}},"5":{"start":{"line":22,"column":6},"end":{"line":22,"column":28}},"6":{"start":{"line":23,"column":6},"end":{"line":23,"column":34}},"7":{"start":{"line":26,"column":6},"end":{"line":26,"column":28}},"8":{"start":{"line":27,"column":6},"end":{"line":27,"column":35}},"9":{"start":{"line":32,"column":31},"end":{"line":47,"column":1}},"10":{"start":{"line":32,"column":41},"end":{"line":47,"column":1}},"11":{"start":{"line":33,"column":2},"end":{"line":33,"column":26}},"12":{"start":{"line":34,"column":2},"end":{"line":46,"column":3}},"13":{"start":{"line":35,"column":21},"end":{"line":35,"column":58}},"14":{"start":{"line":36,"column":21},"end":{"line":36,"column":42}},"15":{"start":{"line":38,"column":4},"end":{"line":42,"column":7}},"16":{"start":{"line":39,"column":6},"end":{"line":39,"column":38}},"17":{"start":{"line":40,"column":6},"end":{"line":40,"column":51}},"18":{"start":{"line":41,"column":6},"end":{"line":41,"column":80}},"19":{"start":{"line":43,"column":4},"end":{"line":43,"column":43}},"20":{"start":{"line":45,"column":4},"end":{"line":45,"column":38}},"21":{"start":{"line":49,"column":71},"end":{"line":49,"column":88}}},"fnMap":{"0":{"name":"(anonymous_0)","decl":{"start":{"line":17,"column":17},"end":{"line":17,"column":18}},"loc":{"start":{"line":17,"column":28},"end":{"line":20,"column":5}},"line":17},"1":{"name":"(anonymous_1)","decl":{"start":{"line":21,"column":24},"end":{"line":21,"column":25}},"loc":{"start":{"line":21,"column":43},"end":{"line":24,"column":5}},"line":21},"2":{"name":"(anonymous_2)","decl":{"start":{"line":25,"column":24},"end":{"line":25,"column":25}},"loc":{"start":{"line":25,"column":43},"end":{"line":28,"column":5}},"line":25},"3":{"name":"(anonymous_3)","decl":{"start":{"line":32,"column":31},"end":{"line":32,"column":32}},"loc":{"start":{"line":32,"column":41},"end":{"line":47,"column":1}},"line":32},"4":{"name":"(anonymous_4)","decl":{"start":{"line":32,"column":41},"end":{"line":32,"column":42}},"loc":{"start":{"line":32,"column":61},"end":{"line":47,"column":1}},"line":32},"5":{"name":"(anonymous_5)","decl":{"start":{"line":38,"column":21},"end":{"line":38,"column":22}},"loc":{"start":{"line":38,"column":29},"end":{"line":42,"column":5}},"line":38}},"branchMap":{},"s":{"0":0,"1":0,"2":0,"3":0,"4":0,"5":0,"6":0,"7":0,"8":0,"9":0,"10":0,"11":0,"12":0,"13":0,"14":0,"15":0,"16":0,"17":0,"18":0,"19":0,"20":0,"21":0},"f":{"0":0,"1":0,"2":0,"3":0,"4":0,"5":0},"b":{}}
,"/Users/ricky.andika/Ricky/Others/codes/miraculous/src/store/index.js": {"path":"/Users/ricky.andika/Ricky/Others/codes/miraculous/src/store/index.js","statementMap":{"0":{"start":{"line":5,"column":14},"end":{"line":9,"column":2}}},"fnMap":{},"branchMap":{},"s":{"0":0},"f":{},"b":{}}
,"/Users/ricky.andika/Ricky/Others/codes/miraculous/src/stories/atoms/Button.stories.jsx": {"path":"/Users/ricky.andika/Ricky/Others/codes/miraculous/src/stories/atoms/Button.stories.jsx","statementMap":{"0":{"start":{"line":14,"column":17},"end":{"line":14,"column":47}},"1":{"start":{"line":14,"column":27},"end":{"line":14,"column":47}},"2":{"start":{"line":16,"column":23},"end":{"line":16,"column":40}},"3":{"start":{"line":17,"column":0},"end":{"line":20,"column":2}}},"fnMap":{"0":{"name":"(anonymous_0)","decl":{"start":{"line":14,"column":17},"end":{"line":14,"column":18}},"loc":{"start":{"line":14,"column":27},"end":{"line":14,"column":47}},"line":14}},"branchMap":{},"s":{"0":0,"1":0,"2":0,"3":0},"f":{"0":0},"b":{}}
,"/Users/ricky.andika/Ricky/Others/codes/miraculous/src/stories/atoms/Dropdown.stories.jsx": {"path":"/Users/ricky.andika/Ricky/Others/codes/miraculous/src/stories/atoms/Dropdown.stories.jsx","statementMap":{"0":{"start":{"line":20,"column":2},"end":{"line":20,"column":32}},"1":{"start":{"line":23,"column":22},"end":{"line":23,"column":39}},"2":{"start":{"line":24,"column":0},"end":{"line":32,"column":2}}},"fnMap":{"0":{"name":"Template","decl":{"start":{"line":19,"column":9},"end":{"line":19,"column":17}},"loc":{"start":{"line":19,"column":24},"end":{"line":21,"column":1}},"line":19}},"branchMap":{},"s":{"0":0,"1":0,"2":0},"f":{"0":0},"b":{}}
,"/Users/ricky.andika/Ricky/Others/codes/miraculous/src/stories/atoms/Search.stories.jsx": {"path":"/Users/ricky.andika/Ricky/Others/codes/miraculous/src/stories/atoms/Search.stories.jsx","statementMap":{"0":{"start":{"line":15,"column":17},"end":{"line":15,"column":47}},"1":{"start":{"line":15,"column":27},"end":{"line":15,"column":47}},"2":{"start":{"line":17,"column":23},"end":{"line":17,"column":40}},"3":{"start":{"line":18,"column":0},"end":{"line":22,"column":2}}},"fnMap":{"0":{"name":"(anonymous_0)","decl":{"start":{"line":15,"column":17},"end":{"line":15,"column":18}},"loc":{"start":{"line":15,"column":27},"end":{"line":15,"column":47}},"line":15}},"branchMap":{},"s":{"0":0,"1":0,"2":0,"3":0},"f":{"0":0},"b":{}}
,"/Users/ricky.andika/Ricky/Others/codes/miraculous/src/stories/molecules/Pagination.stories.jsx": {"path":"/Users/ricky.andika/Ricky/Others/codes/miraculous/src/stories/molecules/Pagination.stories.jsx","statementMap":{"0":{"start":{"line":18,"column":17},"end":{"line":18,"column":51}},"1":{"start":{"line":18,"column":27},"end":{"line":18,"column":51}},"2":{"start":{"line":20,"column":23},"end":{"line":20,"column":40}},"3":{"start":{"line":21,"column":0},"end":{"line":28,"column":2}}},"fnMap":{"0":{"name":"(anonymous_0)","decl":{"start":{"line":9,"column":18},"end":{"line":9,"column":19}},"loc":{"start":{"line":9,"column":24},"end":{"line":9,"column":26}},"line":9},"1":{"name":"(anonymous_1)","decl":{"start":{"line":18,"column":17},"end":{"line":18,"column":18}},"loc":{"start":{"line":18,"column":27},"end":{"line":18,"column":51}},"line":18},"2":{"name":"(anonymous_2)","decl":{"start":{"line":22,"column":16},"end":{"line":22,"column":17}},"loc":{"start":{"line":22,"column":22},"end":{"line":22,"column":24}},"line":22}},"branchMap":{},"s":{"0":0,"1":0,"2":0,"3":0},"f":{"0":0,"1":0,"2":0},"b":{}}
,"/Users/ricky.andika/Ricky/Others/codes/miraculous/src/stories/organisms/SearchFilterUserlist.stories.jsx": {"path":"/Users/ricky.andika/Ricky/Others/codes/miraculous/src/stories/organisms/SearchFilterUserlist.stories.jsx","statementMap":{"0":{"start":{"line":12,"column":2},"end":{"line":12,"column":44}},"1":{"start":{"line":15,"column":23},"end":{"line":15,"column":40}},"2":{"start":{"line":16,"column":0},"end":{"line":21,"column":2}}},"fnMap":{"0":{"name":"Template","decl":{"start":{"line":11,"column":9},"end":{"line":11,"column":17}},"loc":{"start":{"line":11,"column":24},"end":{"line":13,"column":1}},"line":11},"1":{"name":"(anonymous_1)","decl":{"start":{"line":19,"column":15},"end":{"line":19,"column":16}},"loc":{"start":{"line":19,"column":21},"end":{"line":19,"column":23}},"line":19}},"branchMap":{},"s":{"0":0,"1":0,"2":0},"f":{"0":0,"1":0},"b":{}}
,"/Users/ricky.andika/Ricky/Others/codes/miraculous/src/stories/organisms/TableUserlist.stories.jsx": {"path":"/Users/ricky.andika/Ricky/Others/codes/miraculous/src/stories/organisms/TableUserlist.stories.jsx","statementMap":{"0":{"start":{"line":12,"column":2},"end":{"line":12,"column":29}},"1":{"start":{"line":15,"column":23},"end":{"line":15,"column":40}},"2":{"start":{"line":16,"column":0},"end":{"line":38,"column":2}}},"fnMap":{"0":{"name":"Template","decl":{"start":{"line":11,"column":9},"end":{"line":11,"column":17}},"loc":{"start":{"line":11,"column":24},"end":{"line":13,"column":1}},"line":11},"1":{"name":"(anonymous_1)","decl":{"start":{"line":19,"column":15},"end":{"line":19,"column":16}},"loc":{"start":{"line":19,"column":21},"end":{"line":19,"column":23}},"line":19}},"branchMap":{},"s":{"0":0,"1":0,"2":0},"f":{"0":0,"1":0},"b":{}}
,"/Users/ricky.andika/Ricky/Others/codes/miraculous/src/stories/pages/HomePage.stories.jsx": {"path":"/Users/ricky.andika/Ricky/Others/codes/miraculous/src/stories/pages/HomePage.stories.jsx","statementMap":{"0":{"start":{"line":12,"column":6},"end":{"line":14,"column":17}},"1":{"start":{"line":21,"column":2},"end":{"line":21,"column":32}},"2":{"start":{"line":24,"column":23},"end":{"line":24,"column":40}},"3":{"start":{"line":25,"column":0},"end":{"line":25,"column":18}}},"fnMap":{"0":{"name":"(anonymous_0)","decl":{"start":{"line":11,"column":4},"end":{"line":11,"column":5}},"loc":{"start":{"line":12,"column":6},"end":{"line":14,"column":17}},"line":12},"1":{"name":"Template","decl":{"start":{"line":20,"column":9},"end":{"line":20,"column":17}},"loc":{"start":{"line":20,"column":24},"end":{"line":22,"column":1}},"line":20}},"branchMap":{},"s":{"0":0,"1":0,"2":0,"3":0},"f":{"0":0,"1":0},"b":{}}
,"/Users/ricky.andika/Ricky/Others/codes/miraculous/src/stories/templates/UserList.stories.jsx": {"path":"/Users/ricky.andika/Ricky/Others/codes/miraculous/src/stories/templates/UserList.stories.jsx","statementMap":{"0":{"start":{"line":12,"column":2},"end":{"line":12,"column":32}},"1":{"start":{"line":15,"column":23},"end":{"line":15,"column":40}},"2":{"start":{"line":16,"column":0},"end":{"line":21,"column":2}}},"fnMap":{"0":{"name":"Template","decl":{"start":{"line":11,"column":9},"end":{"line":11,"column":17}},"loc":{"start":{"line":11,"column":24},"end":{"line":13,"column":1}},"line":11},"1":{"name":"(anonymous_1)","decl":{"start":{"line":19,"column":15},"end":{"line":19,"column":16}},"loc":{"start":{"line":19,"column":21},"end":{"line":19,"column":23}},"line":19}},"branchMap":{},"s":{"0":0,"1":0,"2":0},"f":{"0":0,"1":0},"b":{}}
}
