TN:
SF:src/assets/svg/SearchIcon.js
FN:4,SearchIcon
FNF:1
FNH:1
FNDA:7,SearchIcon
DA:5,7
DA:17,1
DA:21,1
LF:3
LH:3
BRF:0
BRH:0
end_of_record
TN:
SF:src/assets/svg/SortAscIcon.js
FN:4,SortAscIcon
FNF:1
FNH:0
FNDA:0,SortAscIcon
DA:5,0
DA:20,0
DA:24,0
LF:3
LH:0
BRF:0
BRH:0
end_of_record
TN:
SF:src/assets/svg/SortDescIcon.js
FN:4,SortDescIcon
FNF:1
FNH:0
FNDA:0,SortDescIcon
DA:5,0
DA:20,0
DA:24,0
LF:3
LH:0
BRF:0
BRH:0
end_of_record
TN:
SF:src/assets/svg/SortNoneIcon.js
FN:4,SortNoneIcon
FNF:1
FNH:0
FNDA:0,SortNoneIcon
DA:5,0
DA:20,0
DA:24,0
LF:3
LH:0
BRF:0
BRH:0
end_of_record
TN:
SF:src/common/debounce.js
FN:3,(anonymous_0)
FN:6,(anonymous_1)
FN:7,(anonymous_2)
FN:11,(anonymous_3)
FNF:4
FNH:0
FNDA:0,(anonymous_0)
FNDA:0,(anonymous_1)
FNDA:0,(anonymous_2)
FNDA:0,(anonymous_3)
DA:3,0
DA:4,0
DA:6,0
DA:7,0
DA:8,0
DA:11,0
DA:12,0
DA:16,0
LF:8
LH:0
BRF:0
BRH:0
end_of_record
TN:
SF:src/components/atoms/button/index.js
FN:4,Button
FN:10,(anonymous_1)
FN:26,(anonymous_2)
FNF:3
FNH:2
FNDA:1,Button
FNDA:1,(anonymous_1)
FNDA:0,(anonymous_2)
DA:5,1
DA:10,1
DA:17,1
DA:23,1
LF:4
LH:4
BRF:0
BRH:0
end_of_record
TN:
SF:src/components/atoms/dropdown/index.js
FN:4,Dropdown
FN:14,(anonymous_1)
FN:18,(anonymous_2)
FN:49,(anonymous_3)
FNF:4
FNH:4
FNDA:1,Dropdown
FNDA:1,(anonymous_1)
FNDA:3,(anonymous_2)
FNDA:1,(anonymous_3)
DA:5,1
DA:14,1
DA:19,3
DA:29,1
DA:41,1
LF:5
LH:5
BRDA:17,0,0,1
BRDA:17,0,1,0
BRF:2
BRH:1
end_of_record
TN:
SF:src/components/atoms/search/index.js
FN:5,Search
FN:8,(anonymous_1)
FN:26,(anonymous_2)
FN:33,(anonymous_3)
FN:53,(anonymous_4)
FNF:5
FNH:5
FNDA:7,Search
FNDA:5,(anonymous_1)
FNDA:5,(anonymous_2)
FNDA:1,(anonymous_3)
FNDA:1,(anonymous_4)
DA:6,7
DA:8,7
DA:9,5
DA:10,0
DA:12,5
DA:15,7
DA:26,5
DA:33,1
DA:42,1
DA:49,1
LF:10
LH:9
BRDA:9,0,0,0
BRDA:9,0,1,5
BRF:2
BRH:1
end_of_record
TN:
SF:src/components/molecules/pagination/index.js
FN:9,Pagination
FN:23,(anonymous_1)
FN:27,(anonymous_2)
FN:48,(anonymous_3)
FN:61,(anonymous_4)
FN:91,(anonymous_5)
FNF:6
FNH:0
FNDA:0,Pagination
FNDA:0,(anonymous_1)
FNDA:0,(anonymous_2)
FNDA:0,(anonymous_3)
FNDA:0,(anonymous_4)
FNDA:0,(anonymous_5)
DA:10,0
DA:12,0
DA:19,0
DA:20,0
DA:23,0
DA:24,0
DA:27,0
DA:28,0
DA:31,0
DA:32,0
DA:49,0
DA:50,0
DA:56,0
DA:61,0
DA:81,0
DA:90,0
LF:16
LH:0
BRDA:19,0,0,0
BRDA:19,0,1,0
BRDA:19,1,0,0
BRDA:19,1,1,0
BRDA:19,1,2,0
BRDA:47,2,0,0
BRDA:47,2,1,0
BRDA:49,3,0,0
BRDA:49,3,1,0
BRF:9
BRH:0
end_of_record
TN:
SF:src/components/molecules/pagination/usePagination.js
FN:5,(anonymous_0)
FN:7,(anonymous_1)
FN:10,(anonymous_2)
FN:12,(anonymous_3)
FNF:4
FNH:0
FNDA:0,(anonymous_0)
FNDA:0,(anonymous_1)
FNDA:0,(anonymous_2)
FNDA:0,(anonymous_3)
DA:3,0
DA:5,0
DA:6,0
DA:7,0
DA:10,0
DA:12,0
DA:13,0
DA:16,0
DA:18,0
DA:19,0
DA:22,0
DA:23,0
DA:25,0
DA:26,0
DA:28,0
DA:29,0
DA:31,0
DA:32,0
DA:33,0
DA:35,0
DA:38,0
DA:39,0
DA:40,0
DA:41,0
DA:44,0
DA:45,0
DA:46,0
DA:50,0
LF:28
LH:0
BRDA:10,0,0,0
BRDA:18,1,0,0
BRDA:18,1,1,0
BRDA:31,2,0,0
BRDA:31,2,1,0
BRDA:31,3,0,0
BRDA:31,3,1,0
BRDA:38,4,0,0
BRDA:38,4,1,0
BRDA:38,5,0,0
BRDA:38,5,1,0
BRDA:44,6,0,0
BRDA:44,6,1,0
BRDA:44,7,0,0
BRDA:44,7,1,0
BRF:15
BRH:0
end_of_record
TN:
SF:src/components/organisms/searchFilterUserlist/index.js
FN:8,SearchFilterUserlist
FN:21,(anonymous_1)
FN:26,(anonymous_2)
FN:30,(anonymous_3)
FN:61,(anonymous_4)
FNF:5
FNH:0
FNDA:0,SearchFilterUserlist
FNDA:0,(anonymous_1)
FNDA:0,(anonymous_2)
FNDA:0,(anonymous_3)
FNDA:0,(anonymous_4)
DA:9,0
DA:10,0
DA:16,0
DA:21,0
DA:26,0
DA:31,0
DA:45,0
DA:53,0
DA:59,0
LF:9
LH:0
BRF:0
BRH:0
end_of_record
TN:
SF:src/components/organisms/tableUserlist/index.js
FN:8,TableUserlist
FN:38,(anonymous_1)
FN:48,(anonymous_2)
FN:53,(anonymous_3)
FN:58,(anonymous_4)
FN:63,(anonymous_5)
FN:68,(anonymous_6)
FN:75,(anonymous_7)
FN:82,(anonymous_8)
FN:89,(anonymous_9)
FN:100,(anonymous_10)
FN:110,(anonymous_11)
FN:116,(anonymous_12)
FN:130,(anonymous_13)
FN:144,(anonymous_14)
FN:160,(anonymous_15)
FN:176,(anonymous_16)
FN:182,(anonymous_17)
FN:193,(anonymous_18)
FN:204,(anonymous_19)
FN:217,(anonymous_20)
FN:230,(anonymous_21)
FN:234,(anonymous_22)
FN:236,(anonymous_23)
FN:264,(anonymous_24)
FN:290,(anonymous_25)
FNF:26
FNH:0
FNDA:0,TableUserlist
FNDA:0,(anonymous_1)
FNDA:0,(anonymous_2)
FNDA:0,(anonymous_3)
FNDA:0,(anonymous_4)
FNDA:0,(anonymous_5)
FNDA:0,(anonymous_6)
FNDA:0,(anonymous_7)
FNDA:0,(anonymous_8)
FNDA:0,(anonymous_9)
FNDA:0,(anonymous_10)
FNDA:0,(anonymous_11)
FNDA:0,(anonymous_12)
FNDA:0,(anonymous_13)
FNDA:0,(anonymous_14)
FNDA:0,(anonymous_15)
FNDA:0,(anonymous_16)
FNDA:0,(anonymous_17)
FNDA:0,(anonymous_18)
FNDA:0,(anonymous_19)
FNDA:0,(anonymous_20)
FNDA:0,(anonymous_21)
FNDA:0,(anonymous_22)
FNDA:0,(anonymous_23)
FNDA:0,(anonymous_24)
FNDA:0,(anonymous_25)
DA:9,0
DA:10,0
DA:11,0
DA:12,0
DA:13,0
DA:15,0
DA:38,0
DA:39,0
DA:40,0
DA:42,0
DA:43,0
DA:45,0
DA:48,0
DA:49,0
DA:50,0
DA:53,0
DA:54,0
DA:55,0
DA:58,0
DA:59,0
DA:60,0
DA:63,0
DA:64,0
DA:65,0
DA:68,0
DA:69,0
DA:70,0
DA:71,0
DA:72,0
DA:75,0
DA:76,0
DA:77,0
DA:78,0
DA:79,0
DA:82,0
DA:83,0
DA:84,0
DA:85,0
DA:86,0
DA:89,0
DA:90,0
DA:95,0
DA:96,0
DA:97,0
DA:100,0
DA:101,0
DA:102,0
DA:104,0
DA:105,0
DA:107,0
DA:110,0
DA:111,0
DA:112,0
DA:116,0
DA:125,0
DA:126,0
DA:130,0
DA:139,0
DA:140,0
DA:144,0
DA:153,0
DA:154,0
DA:160,0
DA:169,0
DA:176,0
DA:177,0
DA:178,0
DA:182,0
DA:188,0
DA:189,0
DA:193,0
DA:199,0
DA:200,0
DA:204,0
DA:210,0
DA:211,0
DA:217,0
DA:223,0
DA:230,0
DA:231,0
DA:232,0
DA:235,0
DA:236,0
DA:242,0
DA:243,0
DA:251,0
DA:252,0
DA:258,0
DA:260,0
DA:264,0
DA:272,0
DA:280,0
DA:288,0
LF:93
LH:0
BRDA:39,0,0,0
BRDA:39,0,1,0
BRDA:42,1,0,0
BRDA:42,1,1,0
BRDA:49,2,0,0
BRDA:49,2,1,0
BRDA:54,3,0,0
BRDA:54,3,1,0
BRDA:59,4,0,0
BRDA:59,4,1,0
BRDA:64,5,0,0
BRDA:64,5,1,0
BRDA:101,6,0,0
BRDA:101,6,1,0
BRDA:104,7,0,0
BRDA:104,7,1,0
BRDA:111,8,0,0
BRDA:111,8,1,0
BRDA:114,9,0,0
BRDA:114,9,1,0
BRDA:125,10,0,0
BRDA:125,10,1,0
BRDA:128,11,0,0
BRDA:128,11,1,0
BRDA:139,12,0,0
BRDA:139,12,1,0
BRDA:142,13,0,0
BRDA:142,13,1,0
BRDA:153,14,0,0
BRDA:153,14,1,0
BRDA:157,15,0,0
BRDA:157,15,1,0
BRDA:177,16,0,0
BRDA:177,16,1,0
BRDA:180,17,0,0
BRDA:180,17,1,0
BRDA:188,18,0,0
BRDA:188,18,1,0
BRDA:191,19,0,0
BRDA:191,19,1,0
BRDA:199,20,0,0
BRDA:199,20,1,0
BRDA:202,21,0,0
BRDA:202,21,1,0
BRDA:210,22,0,0
BRDA:210,22,1,0
BRDA:214,23,0,0
BRDA:214,23,1,0
BRDA:231,24,0,0
BRDA:231,24,1,0
BRDA:231,25,0,0
BRDA:231,25,1,0
BRDA:242,26,0,0
BRDA:242,26,1,0
BRDA:251,27,0,0
BRDA:251,27,1,0
BRDA:251,28,0,0
BRDA:251,28,1,0
BRF:58
BRH:0
end_of_record
TN:
SF:src/components/templates/userlist/index.js
FN:8,Userlist
FN:22,(anonymous_1)
FN:46,(anonymous_2)
FNF:3
FNH:0
FNDA:0,Userlist
FNDA:0,(anonymous_1)
FNDA:0,(anonymous_2)
DA:9,0
DA:10,0
DA:12,0
DA:22,0
DA:29,0
DA:37,0
DA:44,0
LF:7
LH:0
BRF:0
BRH:0
end_of_record
TN:
SF:src/pages/home/index.js
FN:7,Home
FN:10,(anonymous_1)
FN:24,(anonymous_2)
FN:30,(anonymous_3)
FNF:4
FNH:0
FNDA:0,Home
FNDA:0,(anonymous_1)
FNDA:0,(anonymous_2)
FNDA:0,(anonymous_3)
DA:8,0
DA:9,0
DA:10,0
DA:12,0
DA:20,0
DA:22,0
DA:24,0
DA:25,0
DA:26,0
DA:30,0
DA:31,0
DA:34,0
DA:35,0
LF:13
LH:0
BRDA:25,0,0,0
BRDA:25,0,1,0
BRF:2
BRH:0
end_of_record
TN:
SF:src/pages/home/slice/index.js
FN:17,(anonymous_0)
FN:21,(anonymous_1)
FN:25,(anonymous_2)
FN:32,(anonymous_3)
FN:32,(anonymous_4)
FN:38,(anonymous_5)
FNF:6
FNH:0
FNDA:0,(anonymous_0)
FNDA:0,(anonymous_1)
FNDA:0,(anonymous_2)
FNDA:0,(anonymous_3)
FNDA:0,(anonymous_4)
FNDA:0,(anonymous_5)
DA:5,0
DA:7,0
DA:13,0
DA:18,0
DA:19,0
DA:22,0
DA:23,0
DA:26,0
DA:27,0
DA:32,0
DA:33,0
DA:34,0
DA:35,0
DA:36,0
DA:38,0
DA:39,0
DA:40,0
DA:41,0
DA:43,0
DA:45,0
DA:49,0
LF:21
LH:0
BRF:0
BRH:0
end_of_record
TN:
SF:src/store/index.js
FNF:0
FNH:0
DA:5,0
LF:1
LH:0
BRF:0
BRH:0
end_of_record
TN:
SF:src/stories/atoms/Button.stories.jsx
FN:14,(anonymous_0)
FNF:1
FNH:0
FNDA:0,(anonymous_0)
DA:14,0
DA:16,0
DA:17,0
LF:3
LH:0
BRF:0
BRH:0
end_of_record
TN:
SF:src/stories/atoms/Dropdown.stories.jsx
FN:19,Template
FNF:1
FNH:0
FNDA:0,Template
DA:20,0
DA:23,0
DA:24,0
LF:3
LH:0
BRF:0
BRH:0
end_of_record
TN:
SF:src/stories/atoms/Search.stories.jsx
FN:15,(anonymous_0)
FNF:1
FNH:0
FNDA:0,(anonymous_0)
DA:15,0
DA:17,0
DA:18,0
LF:3
LH:0
BRF:0
BRH:0
end_of_record
TN:
SF:src/stories/molecules/Pagination.stories.jsx
FN:9,(anonymous_0)
FN:18,(anonymous_1)
FN:22,(anonymous_2)
FNF:3
FNH:0
FNDA:0,(anonymous_0)
FNDA:0,(anonymous_1)
FNDA:0,(anonymous_2)
DA:18,0
DA:20,0
DA:21,0
LF:3
LH:0
BRF:0
BRH:0
end_of_record
TN:
SF:src/stories/organisms/SearchFilterUserlist.stories.jsx
FN:11,Template
FN:19,(anonymous_1)
FNF:2
FNH:0
FNDA:0,Template
FNDA:0,(anonymous_1)
DA:12,0
DA:15,0
DA:16,0
LF:3
LH:0
BRF:0
BRH:0
end_of_record
TN:
SF:src/stories/organisms/TableUserlist.stories.jsx
FN:11,Template
FN:19,(anonymous_1)
FNF:2
FNH:0
FNDA:0,Template
FNDA:0,(anonymous_1)
DA:12,0
DA:15,0
DA:16,0
LF:3
LH:0
BRF:0
BRH:0
end_of_record
TN:
SF:src/stories/pages/HomePage.stories.jsx
FN:11,(anonymous_0)
FN:20,Template
FNF:2
FNH:0
FNDA:0,(anonymous_0)
FNDA:0,Template
DA:12,0
DA:21,0
DA:24,0
DA:25,0
LF:4
LH:0
BRF:0
BRH:0
end_of_record
TN:
SF:src/stories/templates/UserList.stories.jsx
FN:11,Template
FN:19,(anonymous_1)
FNF:2
FNH:0
FNDA:0,Template
FNDA:0,(anonymous_1)
DA:12,0
DA:15,0
DA:16,0
LF:3
LH:0
BRF:0
BRH:0
end_of_record
